<?xml version="1.0" encoding="UTF-8"?>
<!-- Generated by org.testng.reporters.JUnitXMLReporter -->
<testsuite ignored="0" hostname="DESKTOP-MURB0FI" failures="0" tests="7" name="firefoxTest" time="113.538" errors="0" timestamp="2025-02-10T16:24:58 IST">
  <testcase classname="testCases.TC_01_TestAccount" name="test" time="0.0">
    <skipped/>
  </testcase> <!-- test -->
  <testcase classname="testCases.TC_02_TestLogin" name="test" time="5.361"/>
  <testcase classname="testCases.TC_03_LoginExcelData" name="test" time="6.459"/>
  <testcase classname="testCases.TC_03_LoginExcelData" name="test" time="3.432"/>
  <testcase classname="testCases.TC_03_LoginExcelData" name="test" time="2.008"/>
  <testcase classname="testCases.TC_03_LoginExcelData" name="test" time="3.62"/>
  <testcase classname="testCases.TC_03_LoginExcelData" name="test" time="1.263"/>
</testsuite> <!-- firefoxTest -->
