<?xml version="1.0" encoding="UTF-8"?>
<!-- Generated by org.testng.reporters.JUnitXMLReporter -->
<testsuite ignored="0" hostname="DESKTOP-MURB0FI" failures="0" tests="7" name="Test" time="43.158" errors="0" timestamp="2025-02-10T17:39:25 IST">
  <testcase classname="testCases.TC_01_TestAccount" name="test" time="3.194"/>
  <testcase classname="testCases.TC_02_TestLogin" name="test" time="5.362"/>
  <testcase classname="testCases.TC_03_LoginExcelData" name="test" time="7.216"/>
  <testcase classname="testCases.TC_03_LoginExcelData" name="test" time="2.869"/>
  <testcase classname="testCases.TC_03_LoginExcelData" name="test" time="2.193"/>
  <testcase classname="testCases.TC_03_LoginExcelData" name="test" time="3.748"/>
  <testcase classname="testCases.TC_03_LoginExcelData" name="test" time="1.88"/>
</testsuite> <!-- Test -->
