<?xml version="1.0" encoding="UTF-8"?>
<testng-results ignored="0" total="7" passed="7" failed="0" skipped="0">
  <reporter-output>
  </reporter-output>
  <suite started-at="2025-02-10T17:38:41 IST" name="Suite" finished-at="2025-02-10T17:39:24 IST" duration-ms="43158">
    <groups>
    </groups>
    <test started-at="2025-02-10T17:38:41 IST" name="Test" finished-at="2025-02-10T17:39:24 IST" duration-ms="43158">
      <class name="testCases.TC_03_LoginExcelData">
        <test-method is-config="true" signature="setUp(java.lang.String,java.lang.String)[pri:0, instance:testCases.TC_03_LoginExcelData@4a83a74a]" started-at="2025-02-10T17:39:00 IST" name="setUp" finished-at="2025-02-10T17:39:04 IST" duration-ms="4008" status="PASS">
          <params>
            <param index="0">
              <value>
                <![CDATA[Windows]]>
              </value>
            </param>
            <param index="1">
              <value>
                <![CDATA[chrome]]>
              </value>
            </param>
          </params>
          <reporter-output>
          </reporter-output>
        </test-method> <!-- setUp -->
        <test-method signature="test(java.lang.String,java.lang.String,java.lang.String)[pri:0, instance:testCases.TC_03_LoginExcelData@4a83a74a]" started-at="2025-02-10T17:39:06 IST" name="test" data-provider="LoginData" finished-at="2025-02-10T17:39:13 IST" duration-ms="7216" status="PASS">
          <params>
            <param index="0">
              <value>
                <![CDATA[joss.butler@eng.com]]>
              </value>
            </param>
            <param index="1">
              <value>
                <![CDATA[Joss@2000]]>
              </value>
            </param>
            <param index="2">
              <value>
                <![CDATA[pass]]>
              </value>
            </param>
          </params>
          <reporter-output>
          </reporter-output>
        </test-method> <!-- test -->
        <test-method signature="test(java.lang.String,java.lang.String,java.lang.String)[pri:0, instance:testCases.TC_03_LoginExcelData@4a83a74a]" started-at="2025-02-10T17:39:13 IST" name="test" data-provider="LoginData" finished-at="2025-02-10T17:39:16 IST" duration-ms="2869" status="PASS">
          <params>
            <param index="0">
              <value>
                <![CDATA[joss.butler@eng.com1]]>
              </value>
            </param>
            <param index="1">
              <value>
                <![CDATA[yu]]>
              </value>
            </param>
            <param index="2">
              <value>
                <![CDATA[fail]]>
              </value>
            </param>
          </params>
          <reporter-output>
          </reporter-output>
        </test-method> <!-- test -->
        <test-method signature="test(java.lang.String,java.lang.String,java.lang.String)[pri:0, instance:testCases.TC_03_LoginExcelData@4a83a74a]" started-at="2025-02-10T17:39:16 IST" name="test" data-provider="LoginData" finished-at="2025-02-10T17:39:18 IST" duration-ms="2193" status="PASS">
          <params>
            <param index="0">
              <value>
                <![CDATA[joss.butler@eng.com2]]>
              </value>
            </param>
            <param index="1">
              <value>
                <![CDATA[]]>
              </value>
            </param>
            <param index="2">
              <value>
                <![CDATA[fail]]>
              </value>
            </param>
          </params>
          <reporter-output>
          </reporter-output>
        </test-method> <!-- test -->
        <test-method signature="test(java.lang.String,java.lang.String,java.lang.String)[pri:0, instance:testCases.TC_03_LoginExcelData@4a83a74a]" started-at="2025-02-10T17:39:18 IST" name="test" data-provider="LoginData" finished-at="2025-02-10T17:39:22 IST" duration-ms="3748" status="PASS">
          <params>
            <param index="0">
              <value>
                <![CDATA[joss.butler@eng.com3]]>
              </value>
            </param>
            <param index="1">
              <value>
                <![CDATA[dthfj]]>
              </value>
            </param>
            <param index="2">
              <value>
                <![CDATA[fail]]>
              </value>
            </param>
          </params>
          <reporter-output>
          </reporter-output>
        </test-method> <!-- test -->
        <test-method signature="test(java.lang.String,java.lang.String,java.lang.String)[pri:0, instance:testCases.TC_03_LoginExcelData@4a83a74a]" started-at="2025-02-10T17:39:22 IST" name="test" data-provider="LoginData" finished-at="2025-02-10T17:39:24 IST" duration-ms="1880" status="PASS">
          <params>
            <param index="0">
              <value>
                <![CDATA[]]>
              </value>
            </param>
            <param index="1">
              <value>
                <![CDATA[8ui]]>
              </value>
            </param>
            <param index="2">
              <value>
                <![CDATA[fail]]>
              </value>
            </param>
          </params>
          <reporter-output>
          </reporter-output>
        </test-method> <!-- test -->
        <test-method is-config="true" signature="tearDown()[pri:0, instance:testCases.TC_03_LoginExcelData@4a83a74a]" started-at="2025-02-10T17:39:24 IST" name="tearDown" finished-at="2025-02-10T17:39:24 IST" duration-ms="302" status="PASS">
          <reporter-output>
          </reporter-output>
        </test-method> <!-- tearDown -->
      </class> <!-- testCases.TC_03_LoginExcelData -->
      <class name="testCases.TC_02_TestLogin">
        <test-method is-config="true" signature="setUp(java.lang.String,java.lang.String)[pri:0, instance:testCases.TC_02_TestLogin@15043a2f]" started-at="2025-02-10T17:38:50 IST" name="setUp" finished-at="2025-02-10T17:38:54 IST" duration-ms="4374" status="PASS">
          <params>
            <param index="0">
              <value>
                <![CDATA[Windows]]>
              </value>
            </param>
            <param index="1">
              <value>
                <![CDATA[chrome]]>
              </value>
            </param>
          </params>
          <reporter-output>
          </reporter-output>
        </test-method> <!-- setUp -->
        <test-method signature="test()[pri:0, instance:testCases.TC_02_TestLogin@15043a2f]" started-at="2025-02-10T17:38:54 IST" name="test" finished-at="2025-02-10T17:39:00 IST" duration-ms="5362" status="PASS">
          <reporter-output>
          </reporter-output>
        </test-method> <!-- test -->
        <test-method is-config="true" signature="tearDown()[pri:0, instance:testCases.TC_02_TestLogin@15043a2f]" started-at="2025-02-10T17:39:00 IST" name="tearDown" finished-at="2025-02-10T17:39:00 IST" duration-ms="267" status="PASS">
          <reporter-output>
          </reporter-output>
        </test-method> <!-- tearDown -->
      </class> <!-- testCases.TC_02_TestLogin -->
      <class name="testCases.TC_01_TestAccount">
        <test-method is-config="true" signature="setUp(java.lang.String,java.lang.String)[pri:0, instance:testCases.TC_01_TestAccount@4c60d6e9]" started-at="2025-02-10T17:38:41 IST" name="setUp" finished-at="2025-02-10T17:38:46 IST" duration-ms="5209" status="PASS">
          <params>
            <param index="0">
              <value>
                <![CDATA[Windows]]>
              </value>
            </param>
            <param index="1">
              <value>
                <![CDATA[chrome]]>
              </value>
            </param>
          </params>
          <reporter-output>
          </reporter-output>
        </test-method> <!-- setUp -->
        <test-method signature="test()[pri:0, instance:testCases.TC_01_TestAccount@4c60d6e9]" started-at="2025-02-10T17:38:46 IST" name="test" finished-at="2025-02-10T17:38:50 IST" duration-ms="3194" status="PASS">
          <reporter-output>
          </reporter-output>
        </test-method> <!-- test -->
        <test-method is-config="true" signature="tearDown()[pri:0, instance:testCases.TC_01_TestAccount@4c60d6e9]" started-at="2025-02-10T17:38:50 IST" name="tearDown" finished-at="2025-02-10T17:38:50 IST" duration-ms="386" status="PASS">
          <reporter-output>
          </reporter-output>
        </test-method> <!-- tearDown -->
      </class> <!-- testCases.TC_01_TestAccount -->
    </test> <!-- Test -->
  </suite> <!-- Suite -->
</testng-results>
