<?xml version="1.0" encoding="UTF-8"?>
<testng-results ignored="0" total="1" passed="1" failed="0" skipped="0">
  <reporter-output>
  </reporter-output>
  <suite started-at="2025-01-30T13:27:35 IST" name="Suite" finished-at="2025-01-30T13:27:51 IST" duration-ms="15330">
    <groups>
    </groups>
    <test started-at="2025-01-30T13:27:35 IST" name="Test" finished-at="2025-01-30T13:27:51 IST" duration-ms="15330">
      <class name="testCases.TC_02_TestLogin">
        <test-method is-config="true" signature="setUp(java.lang.String,java.lang.String)[pri:0, instance:testCases.TC_02_TestLogin@79e4c792]" started-at="2025-01-30T13:27:36 IST" name="setUp" finished-at="2025-01-30T13:27:41 IST" duration-ms="5796" status="PASS">
          <params>
            <param index="0">
              <value>
                <![CDATA[Windows]]>
              </value>
            </param>
            <param index="1">
              <value>
                <![CDATA[chrome]]>
              </value>
            </param>
          </params>
          <reporter-output>
          </reporter-output>
        </test-method> <!-- setUp -->
        <test-method signature="test()[pri:0, instance:testCases.TC_02_TestLogin@79e4c792]" started-at="2025-01-30T13:27:42 IST" name="test" finished-at="2025-01-30T13:27:51 IST" duration-ms="9004" status="PASS">
          <reporter-output>
          </reporter-output>
        </test-method> <!-- test -->
        <test-method is-config="true" signature="tearDown()[pri:0, instance:testCases.TC_02_TestLogin@79e4c792]" started-at="2025-01-30T13:27:51 IST" name="tearDown" finished-at="2025-01-30T13:27:51 IST" duration-ms="268" status="PASS">
          <reporter-output>
          </reporter-output>
        </test-method> <!-- tearDown -->
      </class> <!-- testCases.TC_02_TestLogin -->
    </test> <!-- Test -->
  </suite> <!-- Suite -->
</testng-results>
